<?xml version="1.0" encoding="UTF-8" ?>
<testsuite errors="0" skipped="0" tests="10" time="0.091" failures="0" name="net.unto.twitter.UserTest">
  <properties>
[...]
</properties>
  <testcase time="0.006" name="testId"/>
  <testcase time="0.008" name="testEquals"/>
  <testcase time="0.001" name="testNotEquals"/>
  <testcase time="0.004" name="testHashCode"/>
  <testcase time="0.002" name="testName"/>
  <testcase time="0.004" name="testDescription"/>
  <testcase time="0.002" name="testLocation"/>
  <testcase time="0.002" name="testProfileImageUrl"/>
  <testcase time="0.002" name="testScreenName"/>
  <testcase time="0.002" name="testStatus"/>
</testsuite>